2026-04-05 12:17:33 57747 mysqld_safe Starting mysqld daemon with databases from /Applications/XAMPP/xamppfiles/htdocs/pos_restaurant/.tmp/mysql-data
2026-04-05 12:17:33 0 [Note] Starting MariaDB 10.4.28-MariaDB source revision c8f2e9a5c0ac5905f28b050b7df5a9ffd914b7e7 as process 57833
2026-04-05 12:17:33 0 [Warning] Setting lower_case_table_names=2 because file system for /Applications/XAMPP/xamppfiles/htdocs/pos_restaurant/.tmp/mysql-data/ is case insensitive
2026-04-05 12:17:33 0 [Note] InnoDB: Mutexes and rw_locks use GCC atomic builtins
2026-04-05 12:17:33 0 [Note] InnoDB: Uses event mutexes
2026-04-05 12:17:33 0 [Note] InnoDB: Compressed tables use zlib 1.2.11
2026-04-05 12:17:33 0 [Note] InnoDB: Number of pools: 1
2026-04-05 12:17:33 0 [Note] InnoDB: Using SSE2 crc32 instructions
2026-04-05 12:17:33 0 [Note] InnoDB: Initializing buffer pool, total size = 128M, instances = 1, chunk size = 128M
2026-04-05 12:17:33 0 [Note] InnoDB: Completed initialization of buffer pool
2026-04-05 12:17:33 0 [Note] InnoDB: 128 out of 128 rollback segments are active.
2026-04-05 12:17:33 0 [Note] InnoDB: Creating shared tablespace for temporary tables
2026-04-05 12:17:33 0 [Note] InnoDB: Setting file './ibtmp1' size to 12 MB. Physically writing the file full; Please wait ...
2026-04-05 12:17:33 0 [Note] InnoDB: File './ibtmp1' size is now 12 MB.
2026-04-05 12:17:33 0 [Note] InnoDB: Waiting for purge to start
2026-04-05 12:17:33 0 [Note] InnoDB: 10.4.28 started; log sequence number 60943; transaction id 20
2026-04-05 12:17:33 0 [Note] InnoDB: Loading buffer pool(s) from /Applications/XAMPP/xamppfiles/htdocs/pos_restaurant/.tmp/mysql-data/ib_buffer_pool
2026-04-05 12:17:33 0 [Note] Plugin 'FEEDBACK' is disabled.
2026-04-05 12:17:33 0 [Note] InnoDB: Buffer pool(s) load completed at 260405 12:17:33
2026-04-05 12:17:33 0 [Note] Server socket created on IP: '::'.
2026-04-05 12:17:33 0 [Note] Reading of all Master_info entries succeeded
2026-04-05 12:17:33 0 [Note] Added new Master_info '' to hash table
2026-04-05 12:17:33 0 [Note] /Applications/XAMPP/xamppfiles/sbin/mysqld: ready for connections.
Version: '10.4.28-MariaDB'  socket: '/Applications/XAMPP/xamppfiles/htdocs/pos_restaurant/.tmp/mysql-run/mysql.sock'  port: 3307  Source distribution
